#
# A fatal error has been detected by the Java Runtime Environment:
#
#  EXCEPTION_ACCESS_VIOLATION (0xc0000005) at pc=0x00007fffd3c39544, pid=7244, tid=12028
#
# JRE version: OpenJDK Runtime Environment Temurin-17.0.4.1+1 (17.0.4.1+1) (build 17.0.4.1+1)
# Java VM: OpenJDK 64-Bit Server VM Temurin-17.0.4.1+1 (17.0.4.1+1, mixed mode, tiered, compressed oops, compressed class ptrs, parallel gc, windows-amd64)
# Problematic frame:
# V  [jvm.dll+0x2e9544]
#
# No core dump will be written. Minidumps are not enabled by default on client versions of Windows
#
# If you would like to submit a bug report, please visit:
#   https://github.com/adoptium/adoptium-support/issues
#

---------------  S U M M A R Y ------------

Command Line: --add-modules=ALL-SYSTEM --add-opens=java.base/java.util=ALL-UNNAMED --add-opens=java.base/java.lang=ALL-UNNAMED --add-opens=java.base/sun.nio.fs=ALL-UNNAMED -Declipse.application=org.eclipse.jdt.ls.core.id1 -Dosgi.bundles.defaultStartLevel=4 -Declipse.product=org.eclipse.jdt.ls.core.product -Djava.import.generatesMetadataFilesAtProjectRoot=false -Dfile.encoding=utf8 -DwatchParentProcess=false -XX:+UseParallelGC -XX:GCTimeRatio=4 -XX:AdaptiveSizePolicyWeight=90 -Dsun.zip.disableMemoryMapping=true -Xmx1G -Xms100m -Xlog:disable -javaagent:c:\Users\joeld\.vscode\extensions\redhat.java-1.11.0-win32-x64\lombok\lombok-1.18.24.jar -XX:+HeapDumpOnOutOfMemoryError -XX:HeapDumpPath=c:\Users\joeld\AppData\Roaming\Code\User\workspaceStorage\19aeb66a3f115e7ebb25de48f3ed2412\redhat.java c:\Users\joeld\.vscode\extensions\redhat.java-1.11.0-win32-x64\server\plugins\org.eclipse.equinox.launcher_1.6.400.v20210924-0641.jar -configuration c:\Users\joeld\AppData\Roaming\Code\User\globalStorage\redhat.java\1.11.0\config_win -data c:\Users\joeld\AppData\Roaming\Code\User\workspaceStorage\19aeb66a3f115e7ebb25de48f3ed2412\redhat.java\jdt_ws

Host: Intel(R) Core(TM) i7-9700 CPU @ 3.00GHz, 8 cores, 15G,  Windows 10 , 64 bit Build 19041 (10.0.19041.1889)
Time: Thu Oct  6 23:30:12 2022 AUS Eastern Summer Time elapsed time: 4363.586061 seconds (0d 1h 12m 43s)

---------------  T H R E A D  ---------------

Current thread (0x000002410f8b61a0):  GCTaskThread "GC Thread#1" [stack: 0x000000c174600000,0x000000c174700000] [id=12028]

Stack: [0x000000c174600000,0x000000c174700000],  sp=0x000000c1746ff580,  free space=1021k
Native frames: (J=compiled Java code, j=interpreted, Vv=VM code, C=native code)
V  [jvm.dll+0x2e9544]
V  [jvm.dll+0x6b7948]
V  [jvm.dll+0x6b7daf]
V  [jvm.dll+0x85f6bb]
V  [jvm.dll+0x85f706]
V  [jvm.dll+0x7e240a]
V  [jvm.dll+0x6761a5]
C  [ucrtbase.dll+0x21bb2]
C  [KERNEL32.DLL+0x17034]
C  [ntdll.dll+0x526a1]


siginfo: EXCEPTION_ACCESS_VIOLATION (0xc0000005), data execution prevention violation at address 0x00007fffdbcb9544


Register to memory mapping:

RIP=0x00007fffd3c39544 jvm.dll
RAX=0x0000000000004100 is an unknown value
RBX=0x0000000000000006 is an unknown value
RCX=0x000002417d709460 points into unknown readable memory: 0x0000000000000000 | 00 00 00 00 00 00 00 00
RDX=0x0000000000000005 is an unknown value
RSP=0x000000c1746ff580 points into unknown readable memory: 0x0000000000000006 | 06 00 00 00 00 00 00 00
RBP=0x0000000000000001 is an unknown value
RSI=0x0000000000000028 is an unknown value
RDI=0x000002417d5d4c50 points into unknown readable memory: 0x00007fffd42a0c58 | 58 0c 2a d4 ff 7f 00 00
R8 =0x0 is NULL
R9 =0x0000000000000004 is an unknown value
R10=0x0 is NULL
R11=0x000002417d709ae0 points into unknown readable memory: 0x0000000000000000 | 00 00 00 00 00 00 00 00
R12=0x0 is NULL
R13=0x000002410fb34730 points into unknown readable memory: 0x0000024100000002 | 02 00 00 00 41 02 00 00
R14=0x0000000000000020 is an unknown value
R15=0x000000c1746ff600 points into unknown readable memory: 0x0000000000000000 | 00 00 00 00 00 00 00 00


Registers:
RAX=0x0000000000004100, RBX=0x0000000000000006, RCX=0x000002417d709460, RDX=0x0000000000000005
RSP=0x000000c1746ff580, RBP=0x0000000000000001, RSI=0x0000000000000028, RDI=0x000002417d5d4c50
R8 =0x0000000000000000, R9 =0x0000000000000004, R10=0x0000000000000000, R11=0x000002417d709ae0
R12=0x0000000000000000, R13=0x000002410fb34730, R14=0x0000000000000020, R15=0x000000c1746ff600
RIP=0x00007fffd3c39544, EFLAGS=0x0000000000010246

Top of Stack: (sp=0x000000c1746ff580)
0x000000c1746ff580:   0000000000000006 000002410fb34730
0x000000c1746ff590:   000000c1737ff008 0000000000000006
0x000000c1746ff5a0:   0000000000000005 0000000000000006
0x000000c1746ff5b0:   000000c1737ff060 00007fffd4007948
0x000000c1746ff5c0:   000002417d709a80 000002417d709a80
0x000000c1746ff5d0:   0000000000000000 0003f3e10001a513
0x000000c1746ff5e0:   000000c1737fef00 00007fffd4007daf
0x000000c1746ff5f0:   000002417d709a80 000000c1746ff689
0x000000c1746ff600:   0000000000000000 000000c1737ff040
0x000000c1746ff610:   000002417d709a80 ffffffff00000006
0x000000c1746ff620:   0000000000000008 000002417889a090
0x000000c1746ff630:   0000000600000002 000002417d709a80
0x000000c1746ff640:   00007fffd42feeb8 000002417d709a80
0x000000c1746ff650:   000000c1737fef00 000002417d71a020
0x000000c1746ff660:   00000000000003d8 000002417d71a030
0x000000c1746ff670:   000002417d71a408 00007fffd42ff008 

Instructions: (pc=0x00007fffd3c39544)
0x00007fffd3c39444:   e2 ff ff 01 00 41 81 fa ff ff 01 00 45 0f 44 d4
0x00007fffd3c39454:   48 8d 34 c5 00 00 00 00 48 8b 47 10 48 8b 0c 06
0x00007fffd3c39464:   8b 81 00 01 00 00 44 8b 81 80 00 00 00 44 2b c0
0x00007fffd3c39474:   32 c0 41 81 e0 ff ff 01 00 41 81 f8 ff ff 01 00
0x00007fffd3c39484:   45 0f 44 c4 45 3b c2 76 21 48 8b 47 10 48 8b 34
0x00007fffd3c39494:   06 48 8b 86 00 01 00 00 48 89 44 24 40 8b 8e 80
0x00007fffd3c394a4:   00 00 00 48 8b 44 24 40 eb 2b 45 85 d2 0f 84 8d
0x00007fffd3c394b4:   00 00 00 48 8b 47 10 41 8b d1 49 8b 34 06 48 8b
0x00007fffd3c394c4:   86 00 01 00 00 48 89 44 24 58 8b 8e 80 00 00 00
0x00007fffd3c394d4:   48 8b 44 24 58 2b c8 81 e1 ff ff 01 00 81 f9 ff
0x00007fffd3c394e4:   ff 01 00 41 0f 44 cc 85 c9 75 13 ba ff ff ff ff
0x00007fffd3c394f4:   32 c0 41 89 93 00 02 00 00 e9 cc 00 00 00 48 8b
0x00007fffd3c39504:   8e 80 01 00 00 4c 8b c8 44 8b c0 4e 8b 04 c1 8d
0x00007fffd3c39514:   48 01 81 e1 ff ff 01 00 4d 89 07 45 8b c4 41 0f
0x00007fffd3c39524:   94 c0 49 c1 e9 20 45 03 c8 49 c1 e1 20 4c 0b c9
0x00007fffd3c39534:   f0 4c 0f b1 8e 00 01 00 00 0f 94 c0 84 c0 75 05
0x00007fffd3c39544:   ba ff ff ff ff 41 89 93 00 02 00 00 eb 7c 75 7e
0x00007fffd3c39554:   48 8b 47 10 8d 4b ff 83 e1 01 4c 8b 14 c8 49 8b
0x00007fffd3c39564:   82 00 01 00 00 48 89 04 24 41 8b 8a 80 00 00 00
0x00007fffd3c39574:   48 8b 04 24 2b c8 81 e1 ff ff 01 00 81 f9 ff ff
0x00007fffd3c39584:   01 00 41 0f 44 cc 85 c9 75 04 32 c0 eb 3c 49 8b
0x00007fffd3c39594:   8a 80 01 00 00 4c 8b c0 8b d0 48 8b 14 d1 8d 48
0x00007fffd3c395a4:   01 81 e1 ff ff 01 00 49 89 17 41 8b d4 0f 94 c2
0x00007fffd3c395b4:   49 c1 e8 20 44 03 c2 49 c1 e0 20 4c 0b c1 f0 4d
0x00007fffd3c395c4:   0f b1 82 00 01 00 00 0f 94 c0 84 c0 75 29 8b 4f
0x00007fffd3c395d4:   08 ff c5 8d 04 09 3b e8 0f 82 80 fd ff ff 32 c0
0x00007fffd3c395e4:   48 8b 5c 24 48 48 8b 6c 24 50 48 83 c4 10 41 5f
0x00007fffd3c395f4:   41 5e 41 5c 5f 5e c3 b0 01 eb e5 cc 48 8b 91 90
0x00007fffd3c39604:   00 00 00 48 8b 81 98 00 00 00 48 89 81 90 00 00
0x00007fffd3c39614:   00 48 89 91 98 00 00 00 c3 cc cc cc 48 8b 89 a0
0x00007fffd3c39624:   06 00 00 e9 94 63 57 00 cc cc cc cc 48 89 54 24
0x00007fffd3c39634:   10 4c 89 44 24 18 4c 89 4c 24 20 53 48 83 ec 20 


Stack slot to memory mapping:
stack at sp + 0 slots: 0x0000000000000006 is an unknown value
stack at sp + 1 slots: 0x000002410fb34730 points into unknown readable memory: 0x0000024100000002 | 02 00 00 00 41 02 00 00
stack at sp + 2 slots: 0x000000c1737ff008 points into unknown readable memory: 0x0000024178876fc0 | c0 6f 87 78 41 02 00 00
stack at sp + 3 slots: 0x0000000000000006 is an unknown value
stack at sp + 4 slots: 0x0000000000000005 is an unknown value
stack at sp + 5 slots: 0x0000000000000006 is an unknown value
stack at sp + 6 slots: 0x000000c1737ff060 points into unknown readable memory: 0xffffffff00000008 | 08 00 00 00 ff ff ff ff
stack at sp + 7 slots: 0x00007fffd4007948 jvm.dll


---------------  P R O C E S S  ---------------

Threads class SMR info:
_java_thread_list=0x0000024112cacde0, length=35, elements={
0x0000024178880de0, 0x000002417d715930, 0x000002417d7164e0, 0x000002417d7180f0,
0x000002417d718ca0, 0x000002417d719650, 0x000002410f037230, 0x000002410f038f20,
0x000002410f03c170, 0x000002410f03e310, 0x000002417893f680, 0x000002410f30f850,
0x0000024110749010, 0x0000024110776260, 0x00000241107909e0, 0x0000024110788be0,
0x0000024110967a80, 0x0000024110967f50, 0x0000024110966c10, 0x00000241125be4c0,
0x00000241125bc7e0, 0x00000241125c2820, 0x00000241125c19b0, 0x00000241125c2cf0,
0x00000241125c3690, 0x00000241125bd650, 0x00000241125bf800, 0x00000241109670e0,
0x0000024110968420, 0x00000241109675b0, 0x0000024112c8cd30, 0x0000024112c8f880,
0x00000241125bdff0, 0x0000024112c8b520, 0x0000024113e3e4e0
}

Java Threads: ( => current thread )
  0x0000024178880de0 JavaThread "main" [_thread_blocked, id=13748, stack(0x000000c173500000,0x000000c173600000)]
  0x000002417d715930 JavaThread "Reference Handler" daemon [_thread_blocked, id=2940, stack(0x000000c173800000,0x000000c173900000)]
  0x000002417d7164e0 JavaThread "Finalizer" daemon [_thread_blocked, id=10952, stack(0x000000c173900000,0x000000c173a00000)]
  0x000002417d7180f0 JavaThread "Signal Dispatcher" daemon [_thread_blocked, id=17260, stack(0x000000c173a00000,0x000000c173b00000)]
  0x000002417d718ca0 JavaThread "Attach Listener" daemon [_thread_blocked, id=6200, stack(0x000000c173b00000,0x000000c173c00000)]
  0x000002417d719650 JavaThread "Service Thread" daemon [_thread_blocked, id=6208, stack(0x000000c173c00000,0x000000c173d00000)]
  0x000002410f037230 JavaThread "Monitor Deflation Thread" daemon [_thread_blocked, id=2192, stack(0x000000c173d00000,0x000000c173e00000)]
  0x000002410f038f20 JavaThread "C2 CompilerThread0" daemon [_thread_blocked, id=5840, stack(0x000000c173e00000,0x000000c173f00000)]
  0x000002410f03c170 JavaThread "C1 CompilerThread0" daemon [_thread_blocked, id=16192, stack(0x000000c173f00000,0x000000c174000000)]
  0x000002410f03e310 JavaThread "Sweeper thread" daemon [_thread_blocked, id=20948, stack(0x000000c174000000,0x000000c174100000)]
  0x000002417893f680 JavaThread "Common-Cleaner" daemon [_thread_blocked, id=4776, stack(0x000000c174100000,0x000000c174200000)]
  0x000002410f30f850 JavaThread "Notification Thread" daemon [_thread_blocked, id=6608, stack(0x000000c174200000,0x000000c174300000)]
  0x0000024110749010 JavaThread "Active Thread: Equinox Container: d5ed0d26-2947-4b27-b4bd-68bbd14bf382" [_thread_blocked, id=6952, stack(0x000000c174b00000,0x000000c174c00000)]
  0x0000024110776260 JavaThread "Framework Event Dispatcher: Equinox Container: d5ed0d26-2947-4b27-b4bd-68bbd14bf382" daemon [_thread_blocked, id=21324, stack(0x000000c174c00000,0x000000c174d00000)]
  0x00000241107909e0 JavaThread "Start Level: Equinox Container: d5ed0d26-2947-4b27-b4bd-68bbd14bf382" daemon [_thread_blocked, id=18044, stack(0x000000c174d00000,0x000000c174e00000)]
  0x0000024110788be0 JavaThread "SCR Component Actor" daemon [_thread_blocked, id=16404, stack(0x000000c174e00000,0x000000c174f00000)]
  0x0000024110967a80 JavaThread "Bundle File Closer" daemon [_thread_blocked, id=18584, stack(0x000000c175200000,0x000000c175300000)]
  0x0000024110967f50 JavaThread "Worker-JM" [_thread_blocked, id=7044, stack(0x000000c175300000,0x000000c175400000)]
  0x0000024110966c10 JavaThread "Java indexing" daemon [_thread_blocked, id=12936, stack(0x000000c175700000,0x000000c175800000)]
  0x00000241125be4c0 JavaThread "pool-1-thread-1" [_thread_in_native, id=6964, stack(0x000000c175b00000,0x000000c175c00000)]
  0x00000241125bc7e0 JavaThread "Worker-7" [_thread_blocked, id=12020, stack(0x000000c173400000,0x000000c173500000)]
  0x00000241125c2820 JavaThread "ForkJoinPool.commonPool-worker-8" daemon [_thread_blocked, id=8988, stack(0x000000c173200000,0x000000c173300000)]
  0x00000241125c19b0 JavaThread "ForkJoinPool.commonPool-worker-9" daemon [_thread_blocked, id=18488, stack(0x000000c174500000,0x000000c174600000)]
  0x00000241125c2cf0 JavaThread "ForkJoinPool.commonPool-worker-11" daemon [_thread_blocked, id=13952, stack(0x000000c175400000,0x000000c175500000)]
  0x00000241125c3690 JavaThread "Java Debug Server" daemon [_thread_in_native, id=8160, stack(0x000000c173300000,0x000000c173400000)]
  0x00000241125bd650 JavaThread "RxSchedulerPurge-1" daemon [_thread_blocked, id=13980, stack(0x000000c175500000,0x000000c175600000)]
  0x00000241125bf800 JavaThread "RxCachedWorkerPoolEvictor-1" daemon [_thread_blocked, id=13252, stack(0x000000c175600000,0x000000c175700000)]
  0x00000241109670e0 JavaThread "ForkJoinPool.commonPool-worker-12" daemon [_thread_blocked, id=15916, stack(0x000000c175c00000,0x000000c175d00000)]
  0x0000024110968420 JavaThread "ForkJoinPool.commonPool-worker-13" daemon [_thread_blocked, id=1492, stack(0x000000c175d00000,0x000000c175e00000)]
  0x00000241109675b0 JavaThread "ForkJoinPool.commonPool-worker-14" daemon [_thread_blocked, id=2440, stack(0x000000c175e00000,0x000000c175f00000)]
  0x0000024112c8cd30 JavaThread "Worker-10" [_thread_blocked, id=2392, stack(0x000000c176700000,0x000000c176800000)]
  0x0000024112c8f880 JavaThread "ForkJoinPool.commonPool-worker-15" daemon [_thread_blocked, id=11292, stack(0x000000c174400000,0x000000c174500000)]
  0x00000241125bdff0 JavaThread "Worker-12" [_thread_blocked, id=17420, stack(0x000000c175100000,0x000000c175200000)]
  0x0000024112c8b520 JavaThread "pool-2-thread-2" [_thread_blocked, id=6696, stack(0x000000c175800000,0x000000c175900000)]
  0x0000024113e3e4e0 JavaThread "Worker-13" [_thread_blocked, id=15204, stack(0x000000c175900000,0x000000c175a00000)]

Other Threads:
  0x000002417d70da10 VMThread "VM Thread" [stack: 0x000000c173700000,0x000000c173800000] [id=17352]
  0x000002410f30fd20 WatcherThread [stack: 0x000000c174300000,0x000000c174400000] [id=6592]
  0x00000241788977b0 GCTaskThread "GC Thread#0" [stack: 0x000000c173600000,0x000000c173700000] [id=1760]
=>0x000002410f8b61a0 GCTaskThread "GC Thread#1" [stack: 0x000000c174600000,0x000000c174700000] [id=12028]
  0x000002410f55ef10 GCTaskThread "GC Thread#2" [stack: 0x000000c174700000,0x000000c174800000] [id=21148]
  0x000002410fbf4e00 GCTaskThread "GC Thread#3" [stack: 0x000000c174800000,0x000000c174900000] [id=4968]
  0x000002410fbf50b0 GCTaskThread "GC Thread#4" [stack: 0x000000c174900000,0x000000c174a00000] [id=1584]
  0x000002411059a160 GCTaskThread "GC Thread#5" [stack: 0x000000c174a00000,0x000000c174b00000] [id=9136]
  0x00000241107dde00 GCTaskThread "GC Thread#6" [stack: 0x000000c174f00000,0x000000c175000000] [id=18656]
  0x00000241107de0b0 GCTaskThread "GC Thread#7" [stack: 0x000000c175000000,0x000000c175100000] [id=12200]

Threads with active compile tasks:

VM state: at safepoint (normal execution)

VM Mutex/Monitor currently owned by a thread:  ([mutex/lock_event])
[0x000002417887c3a0] Threads_lock - owner thread: 0x000002417d70da10
[0x000002417887e5b0] Heap_lock - owner thread: 0x0000024110966c10

Heap address: 0x00000000c0000000, size: 1024 MB, Compressed Oops mode: 32-bit

CDS archive(s) not mapped
Compressed class space mapped at: 0x0000000100000000-0x0000000140000000, reserved size: 1073741824
Narrow klass base: 0x0000000000000000, Narrow klass shift: 3, Narrow klass range: 0x140000000

GC Precious Log:
 CPUs: 8 total, 8 available
 Memory: 16298M
 Large Page Support: Disabled
 NUMA Support: Disabled
 Compressed Oops: Enabled (32-bit)
 Alignments: Space 512K, Generation 512K, Heap 2M
 Heap Min Capacity: 100M
 Heap Initial Capacity: 100M
 Heap Max Capacity: 1G
 Pre-touch: Disabled
 Parallel Workers: 8

Heap:
 PSYoungGen      total 3584K, used 3072K [0x00000000eab00000, 0x00000000eb300000, 0x0000000100000000)
  eden space 3072K, 100% used [0x00000000eab00000,0x00000000eae00000,0x00000000eae00000)
  from space 512K, 0% used [0x00000000eae80000,0x00000000eae80000,0x00000000eaf00000)
  to   space 2560K, 99% used [0x00000000eb080000,0x00000000eb2fdec0,0x00000000eb300000)
 ParOldGen       total 132608K, used 96353K [0x00000000c0000000, 0x00000000c8180000, 0x00000000eab00000)
  object space 132608K, 72% used [0x00000000c0000000,0x00000000c5e184d0,0x00000000c8180000)
 Metaspace       used 80411K, committed 81408K, reserved 1122304K
  class space    used 8100K, committed 8576K, reserved 1048576K

Card table byte_map: [0x0000024178240000,0x0000024178450000] _byte_map_base: 0x0000024177c40000

Marking Bits: (ParMarkBitMap*) 0x00007fffd44d2cc0
 Begin Bits: [0x000002417b520000, 0x000002417c520000)
 End Bits:   [0x000002417c520000, 0x000002417d520000)

Polling page: 0x00000241767c0000

Metaspace:

Usage:
  Non-class:     70.62 MB used.
      Class:      7.91 MB used.
       Both:     78.53 MB used.

Virtual space:
  Non-class space:       72.00 MB reserved,      71.12 MB ( 99%) committed,  9 nodes.
      Class space:        1.00 GB reserved,       8.38 MB ( <1%) committed,  1 nodes.
             Both:        1.07 GB reserved,      79.50 MB (  7%) committed. 

Chunk freelists:
   Non-Class:  848.00 KB
       Class:  3.46 MB
        Both:  4.29 MB

MaxMetaspaceSize: unlimited
CompressedClassSpaceSize: 1.00 GB
Initial GC threshold: 21.00 MB
Current GC threshold: 132.44 MB
CDS: off
MetaspaceReclaimPolicy: balanced
 - commit_granule_bytes: 65536.
 - commit_granule_words: 8192.
 - virtual_space_node_default_size: 1048576.
 - enlarge_chunks_in_place: 1.
 - new_chunks_are_fully_committed: 0.
 - uncommit_free_chunks: 1.
 - use_allocation_guard: 0.
 - handle_deallocations: 1.


Internal statistics:

num_allocs_failed_limit: 9.
num_arena_births: 632.
num_arena_deaths: 86.
num_vsnodes_births: 10.
num_vsnodes_deaths: 0.
num_space_committed: 1272.
num_space_uncommitted: 0.
num_chunks_returned_to_freelist: 106.
num_chunks_taken_from_freelist: 4027.
num_chunk_merges: 35.
num_chunk_splits: 2478.
num_chunks_enlarged: 1426.
num_purges: 6.
num_inconsistent_stats: 0.

CodeHeap 'non-profiled nmethods': size=120000Kb used=16751Kb max_used=16751Kb free=103248Kb
 bounds [0x0000024107ad0000, 0x0000024108b30000, 0x000002410f000000]
CodeHeap 'profiled nmethods': size=120000Kb used=28102Kb max_used=28403Kb free=91897Kb
 bounds [0x00000241005a0000, 0x0000024102170000, 0x0000024107ad0000]
CodeHeap 'non-nmethods': size=5760Kb used=1413Kb max_used=1553Kb free=4347Kb
 bounds [0x0000024100000000, 0x0000024100270000, 0x00000241005a0000]
 total_blobs=14491 nmethods=13728 adapters=674
 compilation: enabled
              stopped_count=0, restarted_count=0
 full_count=0

Compilation events (20 events):
Event: 4363.353 Thread 0x000002410f03c170 nmethod 19865 0x0000024100d7cb10 code [0x0000024100d7ce60, 0x0000024100d7e618]
Event: 4363.392 Thread 0x000002410f038f20 nmethod 19861 0x0000024108b23690 code [0x0000024108b239e0, 0x0000024108b270f0]
Event: 4363.392 Thread 0x000002410f038f20 19863       4       org.eclipse.jdt.internal.compiler.lookup.MethodScope::createMethod (504 bytes)
Event: 4363.404 Thread 0x000002410f038f20 nmethod 19863 0x0000024108b29710 code [0x0000024108b29960, 0x0000024108b2a6e8]
Event: 4363.404 Thread 0x000002410f038f20 19864       4       org.eclipse.jdt.internal.compiler.lookup.TypeVariableBinding::setFirstBound (88 bytes)
Event: 4363.404 Thread 0x000002410f038f20 nmethod 19864 0x0000024108b2b010 code [0x0000024108b2b180, 0x0000024108b2b298]
Event: 4363.404 Thread 0x000002410f038f20 19866       4       org.eclipse.jdt.internal.compiler.ast.FieldDeclaration::isStatic (29 bytes)
Event: 4363.405 Thread 0x000002410f038f20 nmethod 19866 0x0000024108b2b390 code [0x0000024108b2b500, 0x0000024108b2b5b8]
Event: 4363.437 Thread 0x000002410f03c170 19867       3       org.eclipse.core.internal.localstore.UnifiedTreeNode::releaseForGc (21 bytes)
Event: 4363.438 Thread 0x000002410f03c170 nmethod 19867 0x0000024100e69d10 code [0x0000024100e69ea0, 0x0000024100e69ff8]
Event: 4363.446 Thread 0x000002410f03c170 19868       3       org.eclipse.jdt.internal.compiler.impl.CompilerOptions::resetDefaults (380 bytes)
Event: 4363.446 Thread 0x000002410f03c170 nmethod 19868 0x0000024101e47a10 code [0x0000024101e47c20, 0x0000024101e485a8]
Event: 4363.450 Thread 0x000002410f03c170 19869       3       com.google.common.base.Splitter::<init> (26 bytes)
Event: 4363.450 Thread 0x000002410f03c170 nmethod 19869 0x0000024101347110 code [0x00000241013472a0, 0x0000024101347438]
Event: 4363.450 Thread 0x000002410f03c170 19870       1       com.google.common.base.Splitter::access$200 (5 bytes)
Event: 4363.450 Thread 0x000002410f03c170 nmethod 19870 0x0000024108b2b690 code [0x0000024108b2b820, 0x0000024108b2b8d8]
Event: 4363.450 Thread 0x000002410f03c170 19871       1       com.google.common.base.Splitter::access$300 (5 bytes)
Event: 4363.450 Thread 0x000002410f03c170 nmethod 19871 0x0000024108b2b990 code [0x0000024108b2bb20, 0x0000024108b2bbd8]
Event: 4363.450 Thread 0x000002410f03c170 19872       1       com.google.common.base.Splitter::access$400 (5 bytes)
Event: 4363.450 Thread 0x000002410f03c170 nmethod 19872 0x0000024108b2bc90 code [0x0000024108b2be20, 0x0000024108b2bed8]

GC Heap History (20 events):
Event: 4363.403 GC heap after
{Heap after GC invocations=2203 (full 48):
 PSYoungGen      total 4608K, used 1386K [0x00000000eab00000, 0x00000000eb180000, 0x0000000100000000)
  eden space 3072K, 0% used [0x00000000eab00000,0x00000000eab00000,0x00000000eae00000)
  from space 1536K, 90% used [0x00000000eb000000,0x00000000eb15ab38,0x00000000eb180000)
  to   space 1536K, 0% used [0x00000000eae80000,0x00000000eae80000,0x00000000eb000000)
 ParOldGen       total 118272K, used 105930K [0x00000000c0000000, 0x00000000c7380000, 0x00000000eab00000)
  object space 118272K, 89% used [0x00000000c0000000,0x00000000c67729c8,0x00000000c7380000)
 Metaspace       used 80410K, committed 81408K, reserved 1122304K
  class space    used 8100K, committed 8576K, reserved 1048576K
}
Event: 4363.409 GC heap before
{Heap before GC invocations=2204 (full 48):
 PSYoungGen      total 4608K, used 4458K [0x00000000eab00000, 0x00000000eb180000, 0x0000000100000000)
  eden space 3072K, 100% used [0x00000000eab00000,0x00000000eae00000,0x00000000eae00000)
  from space 1536K, 90% used [0x00000000eb000000,0x00000000eb15ab38,0x00000000eb180000)
  to   space 1536K, 0% used [0x00000000eae80000,0x00000000eae80000,0x00000000eb000000)
 ParOldGen       total 118272K, used 105930K [0x00000000c0000000, 0x00000000c7380000, 0x00000000eab00000)
  object space 118272K, 89% used [0x00000000c0000000,0x00000000c67729c8,0x00000000c7380000)
 Metaspace       used 80410K, committed 81408K, reserved 1122304K
  class space    used 8100K, committed 8576K, reserved 1048576K
}
Event: 4363.409 GC heap after
{Heap after GC invocations=2204 (full 48):
 PSYoungGen      total 4608K, used 1130K [0x00000000eab00000, 0x00000000eb100000, 0x0000000100000000)
  eden space 3072K, 0% used [0x00000000eab00000,0x00000000eab00000,0x00000000eae00000)
  from space 1536K, 73% used [0x00000000eae80000,0x00000000eaf9ab18,0x00000000eb000000)
  to   space 1024K, 0% used [0x00000000eb000000,0x00000000eb000000,0x00000000eb100000)
 ParOldGen       total 118272K, used 107163K [0x00000000c0000000, 0x00000000c7380000, 0x00000000eab00000)
  object space 118272K, 90% used [0x00000000c0000000,0x00000000c68a6ec0,0x00000000c7380000)
 Metaspace       used 80410K, committed 81408K, reserved 1122304K
  class space    used 8100K, committed 8576K, reserved 1048576K
}
Event: 4363.436 GC heap before
{Heap before GC invocations=2205 (full 48):
 PSYoungGen      total 4608K, used 4202K [0x00000000eab00000, 0x00000000eb100000, 0x0000000100000000)
  eden space 3072K, 100% used [0x00000000eab00000,0x00000000eae00000,0x00000000eae00000)
  from space 1536K, 73% used [0x00000000eae80000,0x00000000eaf9ab18,0x00000000eb000000)
  to   space 1024K, 0% used [0x00000000eb000000,0x00000000eb000000,0x00000000eb100000)
 ParOldGen       total 118272K, used 107163K [0x00000000c0000000, 0x00000000c7380000, 0x00000000eab00000)
  object space 118272K, 90% used [0x00000000c0000000,0x00000000c68a6ec0,0x00000000c7380000)
 Metaspace       used 80410K, committed 81408K, reserved 1122304K
  class space    used 8100K, committed 8576K, reserved 1048576K
}
Event: 4363.437 GC heap after
{Heap after GC invocations=2205 (full 48):
 PSYoungGen      total 4096K, used 848K [0x00000000eab00000, 0x00000000eb100000, 0x0000000100000000)
  eden space 3072K, 0% used [0x00000000eab00000,0x00000000eab00000,0x00000000eae00000)
  from space 1024K, 82% used [0x00000000eb000000,0x00000000eb0d4010,0x00000000eb100000)
  to   space 1024K, 0% used [0x00000000eaf00000,0x00000000eaf00000,0x00000000eb000000)
 ParOldGen       total 118272K, used 108148K [0x00000000c0000000, 0x00000000c7380000, 0x00000000eab00000)
  object space 118272K, 91% used [0x00000000c0000000,0x00000000c699d388,0x00000000c7380000)
 Metaspace       used 80410K, committed 81408K, reserved 1122304K
  class space    used 8100K, committed 8576K, reserved 1048576K
}
Event: 4363.447 GC heap before
{Heap before GC invocations=2206 (full 48):
 PSYoungGen      total 4096K, used 3920K [0x00000000eab00000, 0x00000000eb100000, 0x0000000100000000)
  eden space 3072K, 100% used [0x00000000eab00000,0x00000000eae00000,0x00000000eae00000)
  from space 1024K, 82% used [0x00000000eb000000,0x00000000eb0d4010,0x00000000eb100000)
  to   space 1024K, 0% used [0x00000000eaf00000,0x00000000eaf00000,0x00000000eb000000)
 ParOldGen       total 118272K, used 108148K [0x00000000c0000000, 0x00000000c7380000, 0x00000000eab00000)
  object space 118272K, 91% used [0x00000000c0000000,0x00000000c699d388,0x00000000c7380000)
 Metaspace       used 80411K, committed 81408K, reserved 1122304K
  class space    used 8100K, committed 8576K, reserved 1048576K
}
Event: 4363.448 GC heap after
{Heap after GC invocations=2206 (full 48):
 PSYoungGen      total 4096K, used 522K [0x00000000eab00000, 0x00000000eb080000, 0x0000000100000000)
  eden space 3072K, 0% used [0x00000000eab00000,0x00000000eab00000,0x00000000eae00000)
  from space 1024K, 51% used [0x00000000eaf00000,0x00000000eaf82b18,0x00000000eb000000)
  to   space 512K, 0% used [0x00000000eb000000,0x00000000eb000000,0x00000000eb080000)
 ParOldGen       total 118272K, used 108894K [0x00000000c0000000, 0x00000000c7380000, 0x00000000eab00000)
  object space 118272K, 92% used [0x00000000c0000000,0x00000000c6a579d0,0x00000000c7380000)
 Metaspace       used 80411K, committed 81408K, reserved 1122304K
  class space    used 8100K, committed 8576K, reserved 1048576K
}
Event: 4363.461 GC heap before
{Heap before GC invocations=2207 (full 48):
 PSYoungGen      total 4096K, used 3594K [0x00000000eab00000, 0x00000000eb080000, 0x0000000100000000)
  eden space 3072K, 100% used [0x00000000eab00000,0x00000000eae00000,0x00000000eae00000)
  from space 1024K, 51% used [0x00000000eaf00000,0x00000000eaf82b18,0x00000000eb000000)
  to   space 512K, 0% used [0x00000000eb000000,0x00000000eb000000,0x00000000eb080000)
 ParOldGen       total 118272K, used 108894K [0x00000000c0000000, 0x00000000c7380000, 0x00000000eab00000)
  object space 118272K, 92% used [0x00000000c0000000,0x00000000c6a579d0,0x00000000c7380000)
 Metaspace       used 80411K, committed 81408K, reserved 1122304K
  class space    used 8100K, committed 8576K, reserved 1048576K
}
Event: 4363.462 GC heap after
{Heap after GC invocations=2207 (full 48):
 PSYoungGen      total 2048K, used 506K [0x00000000eab00000, 0x00000000eb500000, 0x0000000100000000)
  eden space 1536K, 0% used [0x00000000eab00000,0x00000000eab00000,0x00000000eac80000)
  from space 512K, 98% used [0x00000000eb000000,0x00000000eb07ea50,0x00000000eb080000)
  to   space 3584K, 0% used [0x00000000eac80000,0x00000000eac80000,0x00000000eb000000)
 ParOldGen       total 118272K, used 111382K [0x00000000c0000000, 0x00000000c7380000, 0x00000000eab00000)
  object space 118272K, 94% used [0x00000000c0000000,0x00000000c6cc5b20,0x00000000c7380000)
 Metaspace       used 80411K, committed 81408K, reserved 1122304K
  class space    used 8100K, committed 8576K, reserved 1048576K
}
Event: 4363.465 GC heap before
{Heap before GC invocations=2208 (full 48):
 PSYoungGen      total 2048K, used 2042K [0x00000000eab00000, 0x00000000eb500000, 0x0000000100000000)
  eden space 1536K, 100% used [0x00000000eab00000,0x00000000eac80000,0x00000000eac80000)
  from space 512K, 98% used [0x00000000eb000000,0x00000000eb07ea50,0x00000000eb080000)
  to   space 3584K, 0% used [0x00000000eac80000,0x00000000eac80000,0x00000000eb000000)
 ParOldGen       total 118272K, used 111382K [0x00000000c0000000, 0x00000000c7380000, 0x00000000eab00000)
  object space 118272K, 94% used [0x00000000c0000000,0x00000000c6cc5b20,0x00000000c7380000)
 Metaspace       used 80411K, committed 81408K, reserved 1122304K
  class space    used 8100K, committed 8576K, reserved 1048576K
}
Event: 4363.466 GC heap after
{Heap after GC invocations=2208 (full 48):
 PSYoungGen      total 3584K, used 1600K [0x00000000eab00000, 0x00000000eb180000, 0x0000000100000000)
  eden space 1536K, 0% used [0x00000000eab00000,0x00000000eab00000,0x00000000eac80000)
  from space 2048K, 78% used [0x00000000eac80000,0x00000000eae10000,0x00000000eae80000)
  to   space 2560K, 0% used [0x00000000eaf00000,0x00000000eaf00000,0x00000000eb180000)
 ParOldGen       total 118272K, used 111921K [0x00000000c0000000, 0x00000000c7380000, 0x00000000eab00000)
  object space 118272K, 94% used [0x00000000c0000000,0x00000000c6d4c570,0x00000000c7380000)
 Metaspace       used 80411K, committed 81408K, reserved 1122304K
  class space    used 8100K, committed 8576K, reserved 1048576K
}
Event: 4363.471 GC heap before
{Heap before GC invocations=2209 (full 48):
 PSYoungGen      total 3584K, used 3136K [0x00000000eab00000, 0x00000000eb180000, 0x0000000100000000)
  eden space 1536K, 100% used [0x00000000eab00000,0x00000000eac80000,0x00000000eac80000)
  from space 2048K, 78% used [0x00000000eac80000,0x00000000eae10000,0x00000000eae80000)
  to   space 2560K, 0% used [0x00000000eaf00000,0x00000000eaf00000,0x00000000eb180000)
 ParOldGen       total 118272K, used 111921K [0x00000000c0000000, 0x00000000c7380000, 0x00000000eab00000)
  object space 118272K, 94% used [0x00000000c0000000,0x00000000c6d4c570,0x00000000c7380000)
 Metaspace       used 80411K, committed 81408K, reserved 1122304K
  class space    used 8100K, committed 8576K, reserved 1048576K
}
Event: 4363.473 GC heap after
{Heap after GC invocations=2209 (full 48):
 PSYoungGen      total 4096K, used 1600K [0x00000000eab00000, 0x00000000eb100000, 0x0000000100000000)
  eden space 2048K, 0% used [0x00000000eab00000,0x00000000eab00000,0x00000000ead00000)
  from space 2048K, 78% used [0x00000000eaf00000,0x00000000eb090000,0x00000000eb100000)
  to   space 2048K, 0% used [0x00000000ead00000,0x00000000ead00000,0x00000000eaf00000)
 ParOldGen       total 118272K, used 113457K [0x00000000c0000000, 0x00000000c7380000, 0x00000000eab00000)
  object space 118272K, 95% used [0x00000000c0000000,0x00000000c6ecc570,0x00000000c7380000)
 Metaspace       used 80411K, committed 81408K, reserved 1122304K
  class space    used 8100K, committed 8576K, reserved 1048576K
}
Event: 4363.477 GC heap before
{Heap before GC invocations=2210 (full 48):
 PSYoungGen      total 4096K, used 3648K [0x00000000eab00000, 0x00000000eb100000, 0x0000000100000000)
  eden space 2048K, 100% used [0x00000000eab00000,0x00000000ead00000,0x00000000ead00000)
  from space 2048K, 78% used [0x00000000eaf00000,0x00000000eb090000,0x00000000eb100000)
  to   space 2048K, 0% used [0x00000000ead00000,0x00000000ead00000,0x00000000eaf00000)
 ParOldGen       total 118272K, used 113457K [0x00000000c0000000, 0x00000000c7380000, 0x00000000eab00000)
  object space 118272K, 95% used [0x00000000c0000000,0x00000000c6ecc570,0x00000000c7380000)
 Metaspace       used 80411K, committed 81408K, reserved 1122304K
  class space    used 8100K, committed 8576K, reserved 1048576K
}
Event: 4363.479 GC heap after
{Heap after GC invocations=2210 (full 48):
 PSYoungGen      total 4096K, used 2048K [0x00000000eab00000, 0x00000000eb580000, 0x0000000100000000)
  eden space 2048K, 0% used [0x00000000eab00000,0x00000000eab00000,0x00000000ead00000)
  from space 2048K, 100% used [0x00000000ead00000,0x00000000eaf00000,0x00000000eaf00000)
  to   space 4096K, 0% used [0x00000000eb180000,0x00000000eb180000,0x00000000eb580000)
 ParOldGen       total 118272K, used 115017K [0x00000000c0000000, 0x00000000c7380000, 0x00000000eab00000)
  object space 118272K, 97% used [0x00000000c0000000,0x00000000c7052570,0x00000000c7380000)
 Metaspace       used 80411K, committed 81408K, reserved 1122304K
  class space    used 8100K, committed 8576K, reserved 1048576K
}
Event: 4363.485 GC heap before
{Heap before GC invocations=2211 (full 48):
 PSYoungGen      total 4096K, used 3906K [0x00000000eab00000, 0x00000000eb580000, 0x0000000100000000)
  eden space 2048K, 90% used [0x00000000eab00000,0x00000000eacd0bf0,0x00000000ead00000)
  from space 2048K, 100% used [0x00000000ead00000,0x00000000eaf00000,0x00000000eaf00000)
  to   space 4096K, 0% used [0x00000000eb180000,0x00000000eb180000,0x00000000eb580000)
 ParOldGen       total 118272K, used 115017K [0x00000000c0000000, 0x00000000c7380000, 0x00000000eab00000)
  object space 118272K, 97% used [0x00000000c0000000,0x00000000c7052570,0x00000000c7380000)
 Metaspace       used 80411K, committed 81408K, reserved 1122304K
  class space    used 8100K, committed 8576K, reserved 1048576K
}
Event: 4363.487 GC heap after
{Heap after GC invocations=2211 (full 48):
 PSYoungGen      total 4608K, used 1688K [0x00000000eab00000, 0x00000000eb380000, 0x0000000100000000)
  eden space 2560K, 0% used [0x00000000eab00000,0x00000000eab00000,0x00000000ead80000)
  from space 2048K, 82% used [0x00000000eb180000,0x00000000eb326000,0x00000000eb380000)
  to   space 2560K, 0% used [0x00000000eae80000,0x00000000eae80000,0x00000000eb100000)
 ParOldGen       total 118272K, used 117065K [0x00000000c0000000, 0x00000000c7380000, 0x00000000eab00000)
  object space 118272K, 98% used [0x00000000c0000000,0x00000000c7252570,0x00000000c7380000)
 Metaspace       used 80411K, committed 81408K, reserved 1122304K
  class space    used 8100K, committed 8576K, reserved 1048576K
}
Event: 4363.487 GC heap before
{Heap before GC invocations=2212 (full 49):
 PSYoungGen      total 4608K, used 1688K [0x00000000eab00000, 0x00000000eb380000, 0x0000000100000000)
  eden space 2560K, 0% used [0x00000000eab00000,0x00000000eab00000,0x00000000ead80000)
  from space 2048K, 82% used [0x00000000eb180000,0x00000000eb326000,0x00000000eb380000)
  to   space 2560K, 0% used [0x00000000eae80000,0x00000000eae80000,0x00000000eb100000)
 ParOldGen       total 118272K, used 117065K [0x00000000c0000000, 0x00000000c7380000, 0x00000000eab00000)
  object space 118272K, 98% used [0x00000000c0000000,0x00000000c7252570,0x00000000c7380000)
 Metaspace       used 80411K, committed 81408K, reserved 1122304K
  class space    used 8100K, committed 8576K, reserved 1048576K
}
Event: 4363.545 GC heap after
{Heap after GC invocations=2212 (full 49):
 PSYoungGen      total 3584K, used 0K [0x00000000eab00000, 0x00000000eb300000, 0x0000000100000000)
  eden space 3072K, 0% used [0x00000000eab00000,0x00000000eab00000,0x00000000eae00000)
  from space 512K, 0% used [0x00000000eae80000,0x00000000eae80000,0x00000000eaf00000)
  to   space 2560K, 0% used [0x00000000eb080000,0x00000000eb080000,0x00000000eb300000)
 ParOldGen       total 132608K, used 95809K [0x00000000c0000000, 0x00000000c8180000, 0x00000000eab00000)
  object space 132608K, 72% used [0x00000000c0000000,0x00000000c5d904d0,0x00000000c8180000)
 Metaspace       used 80411K, committed 81408K, reserved 1122304K
  class space    used 8100K, committed 8576K, reserved 1048576K
}
Event: 4363.575 GC heap before
{Heap before GC invocations=2213 (full 49):
 PSYoungGen      total 3584K, used 3072K [0x00000000eab00000, 0x00000000eb300000, 0x0000000100000000)
  eden space 3072K, 100% used [0x00000000eab00000,0x00000000eae00000,0x00000000eae00000)
  from space 512K, 0% used [0x00000000eae80000,0x00000000eae80000,0x00000000eaf00000)
  to   space 2560K, 0% used [0x00000000eb080000,0x00000000eb080000,0x00000000eb300000)
 ParOldGen       total 132608K, used 95809K [0x00000000c0000000, 0x00000000c8180000, 0x00000000eab00000)
  object space 132608K, 72% used [0x00000000c0000000,0x00000000c5d904d0,0x00000000c8180000)
 Metaspace       used 80411K, committed 81408K, reserved 1122304K
  class space    used 8100K, committed 8576K, reserved 1048576K
}

Deoptimization events (20 events):
Event: 4359.462 Thread 0x00000241125c2820 DEOPT PACKING pc=0x0000024108abc96c sp=0x000000c1732fe100
Event: 4359.462 Thread 0x00000241125c2820 DEOPT UNPACKING pc=0x00000241000520a3 sp=0x000000c1732fe038 mode 2
Event: 4359.462 Thread 0x00000241125c2820 Uncommon trap: trap_request=0xffffffbe fr.pc=0x0000024108abc96c relative=0x0000000000000e6c
Event: 4359.462 Thread 0x00000241125c2820 Uncommon trap: reason=profile_predicate action=maybe_recompile pc=0x0000024108abc96c method=org.eclipse.jdt.internal.core.JavaElementDeltaBuilder.insertPositions([Lorg/eclipse/jdt/core/IJavaElement;Z)V @ 115 c2
Event: 4359.462 Thread 0x00000241125c2820 DEOPT PACKING pc=0x0000024108abc96c sp=0x000000c1732fe050
Event: 4359.462 Thread 0x00000241125c2820 DEOPT UNPACKING pc=0x00000241000520a3 sp=0x000000c1732fdf88 mode 2
Event: 4359.462 Thread 0x00000241125c2820 Uncommon trap: trap_request=0xffffffbe fr.pc=0x0000024108abc96c relative=0x0000000000000e6c
Event: 4359.462 Thread 0x00000241125c2820 Uncommon trap: reason=profile_predicate action=maybe_recompile pc=0x0000024108abc96c method=org.eclipse.jdt.internal.core.JavaElementDeltaBuilder.insertPositions([Lorg/eclipse/jdt/core/IJavaElement;Z)V @ 115 c2
Event: 4359.462 Thread 0x00000241125c2820 DEOPT PACKING pc=0x0000024108abc96c sp=0x000000c1732fe050
Event: 4359.462 Thread 0x00000241125c2820 DEOPT UNPACKING pc=0x00000241000520a3 sp=0x000000c1732fdf88 mode 2
Event: 4360.216 Thread 0x00000241125c2820 Uncommon trap: trap_request=0xffffffbe fr.pc=0x0000024108abc96c relative=0x0000000000000e6c
Event: 4360.216 Thread 0x00000241125c2820 Uncommon trap: reason=profile_predicate action=maybe_recompile pc=0x0000024108abc96c method=org.eclipse.jdt.internal.core.JavaElementDeltaBuilder.insertPositions([Lorg/eclipse/jdt/core/IJavaElement;Z)V @ 115 c2
Event: 4360.216 Thread 0x00000241125c2820 DEOPT PACKING pc=0x0000024108abc96c sp=0x000000c1732fe100
Event: 4360.216 Thread 0x00000241125c2820 DEOPT UNPACKING pc=0x00000241000520a3 sp=0x000000c1732fe038 mode 2
Event: 4361.093 Thread 0x0000024110968420 Uncommon trap: trap_request=0xffffff45 fr.pc=0x0000024107be21c0 relative=0x00000000000013c0
Event: 4361.093 Thread 0x0000024110968420 Uncommon trap: reason=unstable_if action=reinterpret pc=0x0000024107be21c0 method=org.eclipse.core.internal.watson.ElementTree.getElementData(Lorg/eclipse/core/runtime/IPath;)Ljava/lang/Object; @ 17 c2
Event: 4361.093 Thread 0x0000024110968420 DEOPT PACKING pc=0x0000024107be21c0 sp=0x000000c175dfe450
Event: 4361.093 Thread 0x0000024110968420 DEOPT UNPACKING pc=0x00000241000520a3 sp=0x000000c175dfe3c8 mode 2
Event: 4362.758 Thread 0x00000241125c2820 DEOPT PACKING pc=0x0000024101a7e742 sp=0x000000c1732fdbd0
Event: 4362.758 Thread 0x00000241125c2820 DEOPT UNPACKING pc=0x0000024100052843 sp=0x000000c1732fd0f0 mode 0

Classes unloaded (20 events):
Event: 3938.501 Thread 0x000002417d70da10 Unloading class 0x000000010032c400 'java/lang/invoke/LambdaForm$MH+0x000000010032c400'
Event: 3938.501 Thread 0x000002417d70da10 Unloading class 0x000000010032c000 'java/lang/invoke/LambdaForm$MH+0x000000010032c000'
Event: 3938.501 Thread 0x000002417d70da10 Unloading class 0x0000000100280c00 'jdk/internal/reflect/GeneratedSerializationConstructorAccessor3'
Event: 3938.501 Thread 0x000002417d70da10 Unloading class 0x0000000100280800 'jdk/internal/reflect/GeneratedSerializationConstructorAccessor2'
Event: 3938.501 Thread 0x000002417d70da10 Unloading class 0x0000000100280400 'jdk/internal/reflect/GeneratedSerializationConstructorAccessor1'
Event: 3938.501 Thread 0x000002417d70da10 Unloading class 0x0000000100219800 'java/lang/invoke/LambdaForm$MH+0x0000000100219800'
Event: 3938.501 Thread 0x000002417d70da10 Unloading class 0x00000001001d3000 'jdk/internal/reflect/GeneratedConstructorAccessor4'
Event: 3938.501 Thread 0x000002417d70da10 Unloading class 0x00000001001a2800 'java/lang/invoke/LambdaForm$MH+0x00000001001a2800'
Event: 3938.501 Thread 0x000002417d70da10 Unloading class 0x00000001001a2000 'java/lang/invoke/LambdaForm$MH+0x00000001001a2000'
Event: 3938.501 Thread 0x000002417d70da10 Unloading class 0x00000001001a1c00 'java/lang/invoke/LambdaForm$MH+0x00000001001a1c00'
Event: 3938.501 Thread 0x000002417d70da10 Unloading class 0x00000001001a1800 'java/lang/invoke/LambdaForm$MH+0x00000001001a1800'
Event: 3938.501 Thread 0x000002417d70da10 Unloading class 0x00000001001a1000 'java/lang/invoke/LambdaForm$MH+0x00000001001a1000'
Event: 3938.501 Thread 0x000002417d70da10 Unloading class 0x00000001001a0c00 'java/lang/invoke/LambdaForm$MH+0x00000001001a0c00'
Event: 3938.501 Thread 0x000002417d70da10 Unloading class 0x00000001001a0800 'java/lang/invoke/LambdaForm$MH+0x00000001001a0800'
Event: 3938.501 Thread 0x000002417d70da10 Unloading class 0x00000001001a0000 'java/lang/invoke/LambdaForm$MH+0x00000001001a0000'
Event: 3938.501 Thread 0x000002417d70da10 Unloading class 0x0000000100129000 'jdk/internal/reflect/GeneratedMethodAccessor5'
Event: 3938.501 Thread 0x000002417d70da10 Unloading class 0x0000000100128c00 'jdk/internal/reflect/GeneratedMethodAccessor4'
Event: 3938.501 Thread 0x000002417d70da10 Unloading class 0x0000000100128800 'jdk/internal/reflect/GeneratedMethodAccessor3'
Event: 3938.501 Thread 0x000002417d70da10 Unloading class 0x0000000100128400 'jdk/internal/reflect/GeneratedMethodAccessor2'
Event: 3938.501 Thread 0x000002417d70da10 Unloading class 0x0000000100128000 'jdk/internal/reflect/GeneratedMethodAccessor1'

Classes redefined (0 events):
No events

Internal exceptions (20 events):
Event: 4311.294 Thread 0x00000241109675b0 Exception <a 'java/net/SocketException'{0x00000000eabd6148}: Socket is not connected: shutdown> (0x00000000eabd6148) 
thrown [s\src\hotspot\share\prims\jni.cpp, line 535]
Event: 4311.299 Thread 0x00000241109675b0 Implicit null exception at 0x0000024108757de0 to 0x000002410875aa5c
Event: 4317.330 Thread 0x0000024110966c10 Exception <a 'sun/nio/fs/WindowsException'{0x00000000eac8ad40}> (0x00000000eac8ad40) 
thrown [s\src\hotspot\share\prims\jni.cpp, line 516]
Event: 4317.469 Thread 0x0000024110966c10 Exception <a 'sun/nio/fs/WindowsException'{0x00000000eab6a880}> (0x00000000eab6a880) 
thrown [s\src\hotspot\share\prims\jni.cpp, line 516]
Event: 4319.867 Thread 0x00000241109675b0 Exception <a 'java/net/SocketException'{0x00000000eabd6f40}: Socket is not connected: shutdown> (0x00000000eabd6f40) 
thrown [s\src\hotspot\share\prims\jni.cpp, line 535]
Event: 4339.835 Thread 0x00000241125be4c0 Implicit null exception at 0x00000241089b9a30 to 0x00000241089ba3e0
Event: 4339.851 Thread 0x0000024110966c10 Exception <a 'sun/nio/fs/WindowsException'{0x00000000eab3fb88}> (0x00000000eab3fb88) 
thrown [s\src\hotspot\share\prims\jni.cpp, line 516]
Event: 4339.933 Thread 0x0000024110966c10 Exception <a 'sun/nio/fs/WindowsException'{0x00000000eac413b0}> (0x00000000eac413b0) 
thrown [s\src\hotspot\share\prims\jni.cpp, line 516]
Event: 4343.346 Thread 0x0000024110966c10 Exception <a 'sun/nio/fs/WindowsException'{0x00000000eac30418}> (0x00000000eac30418) 
thrown [s\src\hotspot\share\prims\jni.cpp, line 516]
Event: 4343.440 Thread 0x0000024110966c10 Exception <a 'sun/nio/fs/WindowsException'{0x00000000eabb20c8}> (0x00000000eabb20c8) 
thrown [s\src\hotspot\share\prims\jni.cpp, line 516]
Event: 4348.628 Thread 0x0000024110966c10 Exception <a 'sun/nio/fs/WindowsException'{0x00000000eacf4ef0}> (0x00000000eacf4ef0) 
thrown [s\src\hotspot\share\prims\jni.cpp, line 516]
Event: 4348.720 Thread 0x0000024110966c10 Exception <a 'sun/nio/fs/WindowsException'{0x00000000eac3b8c0}> (0x00000000eac3b8c0) 
thrown [s\src\hotspot\share\prims\jni.cpp, line 516]
Event: 4350.382 Thread 0x00000241125c2820 Exception <a 'java/net/SocketException'{0x00000000eabe3d18}: Socket is not connected: shutdown> (0x00000000eabe3d18) 
thrown [s\src\hotspot\share\prims\jni.cpp, line 535]
Event: 4355.576 Thread 0x00000241125c2820 Implicit null exception at 0x000002410883f695 to 0x00000241088487b8
Event: 4355.577 Thread 0x00000241125c2820 Exception <a 'java/lang/ClassNotFoundException'{0x00000000eada43e8}: sun/net/www/protocol/jdt/Handler> (0x00000000eada43e8) 
thrown [s\src\hotspot\share\classfile\systemDictionary.cpp, line 256]
Event: 4355.577 Thread 0x00000241125c2820 Exception <a 'java/lang/ClassNotFoundException'{0x00000000eadb6b60}: sun/net/www/protocol/jdt/Handler> (0x00000000eadb6b60) 
thrown [s\src\hotspot\share\classfile\systemDictionary.cpp, line 256]
Event: 4355.999 Thread 0x00000241125c2820 Exception <a 'java/lang/ClassNotFoundException'{0x00000000ead04568}: sun/net/www/protocol/jdt/Handler> (0x00000000ead04568) 
thrown [s\src\hotspot\share\classfile\systemDictionary.cpp, line 256]
Event: 4355.999 Thread 0x00000241125c2820 Exception <a 'java/lang/ClassNotFoundException'{0x00000000ead16cd0}: sun/net/www/protocol/jdt/Handler> (0x00000000ead16cd0) 
thrown [s\src\hotspot\share\classfile\systemDictionary.cpp, line 256]
Event: 4361.093 Thread 0x0000024110968420 Implicit null exception at 0x0000024107be1364 to 0x0000024107be21a4
Event: 4363.456 Thread 0x0000024110966c10 Exception <a 'sun/nio/fs/WindowsException'{0x00000000eab88958}> (0x00000000eab88958) 
thrown [s\src\hotspot\share\prims\jni.cpp, line 516]

VM Operations (20 events):
Event: 4363.372 Executing VM operation: ParallelGCFailedAllocation done
Event: 4363.402 Executing VM operation: ParallelGCFailedAllocation
Event: 4363.403 Executing VM operation: ParallelGCFailedAllocation done
Event: 4363.409 Executing VM operation: ParallelGCFailedAllocation
Event: 4363.410 Executing VM operation: ParallelGCFailedAllocation done
Event: 4363.436 Executing VM operation: ParallelGCFailedAllocation
Event: 4363.437 Executing VM operation: ParallelGCFailedAllocation done
Event: 4363.447 Executing VM operation: ParallelGCFailedAllocation
Event: 4363.448 Executing VM operation: ParallelGCFailedAllocation done
Event: 4363.461 Executing VM operation: ParallelGCFailedAllocation
Event: 4363.462 Executing VM operation: ParallelGCFailedAllocation done
Event: 4363.465 Executing VM operation: ParallelGCFailedAllocation
Event: 4363.466 Executing VM operation: ParallelGCFailedAllocation done
Event: 4363.471 Executing VM operation: ParallelGCFailedAllocation
Event: 4363.473 Executing VM operation: ParallelGCFailedAllocation done
Event: 4363.477 Executing VM operation: ParallelGCFailedAllocation
Event: 4363.479 Executing VM operation: ParallelGCFailedAllocation done
Event: 4363.485 Executing VM operation: ParallelGCFailedAllocation
Event: 4363.545 Executing VM operation: ParallelGCFailedAllocation done
Event: 4363.575 Executing VM operation: ParallelGCFailedAllocation

Events (20 events):
Event: 4356.070 Thread 0x000002410f03e310 flushing nmethod 0x0000024101808610
Event: 4356.071 Thread 0x000002410f03e310 flushing nmethod 0x000002410185f890
Event: 4356.071 Thread 0x000002410f03e310 flushing nmethod 0x00000241018cbf90
Event: 4356.071 Thread 0x000002410f03e310 flushing nmethod 0x00000241019bdd10
Event: 4356.071 Thread 0x000002410f03e310 flushing nmethod 0x00000241019c5c10
Event: 4356.071 Thread 0x000002410f03e310 flushing nmethod 0x0000024101a64610
Event: 4356.071 Thread 0x000002410f03e310 flushing nmethod 0x0000024101aec290
Event: 4356.072 Thread 0x000002410f03e310 flushing nmethod 0x0000024101c20890
Event: 4356.072 Thread 0x000002410f03e310 flushing nmethod 0x0000024101c9ba90
Event: 4356.072 Thread 0x000002410f03e310 flushing nmethod 0x0000024101d93c10
Event: 4356.073 Thread 0x000002410f03e310 flushing nmethod 0x0000024101e45890
Event: 4356.073 Thread 0x000002410f03e310 flushing nmethod 0x0000024101f50d90
Event: 4356.073 Thread 0x000002410f03e310 flushing nmethod 0x0000024101fa0e90
Event: 4356.073 Thread 0x000002410f03e310 flushing nmethod 0x00000241020a0110
Event: 4356.813 Thread 0x000002411130bee0 Thread exited: 0x000002411130bee0
Event: 4357.221 Thread 0x000002411130b4c0 Thread added: 0x000002411130b4c0
Event: 4357.754 Thread 0x000002411130b4c0 Thread exited: 0x000002411130b4c0
Event: 4359.986 Thread 0x0000024113e3e4e0 Thread added: 0x0000024113e3e4e0
Event: 4360.453 Thread 0x000002411130bee0 Thread added: 0x000002411130bee0
Event: 4360.875 Thread 0x000002411130bee0 Thread exited: 0x000002411130bee0


Dynamic libraries:
0x00007ff782500000 - 0x00007ff78250e000 	c:\Users\joeld\.vscode\extensions\redhat.java-1.11.0-win32-x64\jre\17.0.4.1-win32-x86_64\bin\java.exe
0x00007ff84fed0000 - 0x00007ff8500c8000 	C:\WINDOWS\SYSTEM32\ntdll.dll
0x00007ff84f790000 - 0x00007ff84f84d000 	C:\WINDOWS\System32\KERNEL32.DLL
0x00007ff84d690000 - 0x00007ff84d95e000 	C:\WINDOWS\System32\KERNELBASE.dll
0x00007ff84da60000 - 0x00007ff84db60000 	C:\WINDOWS\System32\ucrtbase.dll
0x00007ff845780000 - 0x00007ff845799000 	c:\Users\joeld\.vscode\extensions\redhat.java-1.11.0-win32-x64\jre\17.0.4.1-win32-x86_64\bin\VCRUNTIME140.dll
0x00007ff80dde0000 - 0x00007ff80ddf8000 	c:\Users\joeld\.vscode\extensions\redhat.java-1.11.0-win32-x64\jre\17.0.4.1-win32-x86_64\bin\jli.dll
0x00007ff84df30000 - 0x00007ff84e0d0000 	C:\WINDOWS\System32\USER32.dll
0x00007ff84c910000 - 0x00007ff84cbaa000 	C:\WINDOWS\WinSxS\amd64_microsoft.windows.common-controls_6595b64144ccf1df_6.0.19041.1110_none_60b5254171f9507e\COMCTL32.dll
0x00007ff84df00000 - 0x00007ff84df22000 	C:\WINDOWS\System32\win32u.dll
0x00007ff84fd80000 - 0x00007ff84fe1e000 	C:\WINDOWS\System32\msvcrt.dll
0x00007ff84ede0000 - 0x00007ff84ee0a000 	C:\WINDOWS\System32\GDI32.dll
0x00007ff84db60000 - 0x00007ff84dc6b000 	C:\WINDOWS\System32\gdi32full.dll
0x00007ff84d5f0000 - 0x00007ff84d68d000 	C:\WINDOWS\System32\msvcp_win.dll
0x00007ff84f5b0000 - 0x00007ff84f5e0000 	C:\WINDOWS\System32\IMM32.DLL
0x00007ff845770000 - 0x00007ff84577c000 	c:\Users\joeld\.vscode\extensions\redhat.java-1.11.0-win32-x64\jre\17.0.4.1-win32-x86_64\bin\vcruntime140_1.dll
0x00007fffe4f90000 - 0x00007fffe5021000 	c:\Users\joeld\.vscode\extensions\redhat.java-1.11.0-win32-x64\jre\17.0.4.1-win32-x86_64\bin\msvcp140.dll
0x00007fffd3950000 - 0x00007fffd4596000 	c:\Users\joeld\.vscode\extensions\redhat.java-1.11.0-win32-x64\jre\17.0.4.1-win32-x86_64\bin\server\jvm.dll
0x00007ff84e160000 - 0x00007ff84e20e000 	C:\WINDOWS\System32\ADVAPI32.dll
0x00007ff84f450000 - 0x00007ff84f4ec000 	C:\WINDOWS\System32\sechost.dll
0x00007ff84f5e0000 - 0x00007ff84f705000 	C:\WINDOWS\System32\RPCRT4.dll
0x00007ff84f360000 - 0x00007ff84f368000 	C:\WINDOWS\System32\PSAPI.DLL
0x00007ff84a190000 - 0x00007ff84a19a000 	C:\WINDOWS\SYSTEM32\VERSION.dll
0x00007ff81c9c0000 - 0x00007ff81c9c9000 	C:\WINDOWS\SYSTEM32\WSOCK32.dll
0x00007ff8467c0000 - 0x00007ff8467e7000 	C:\WINDOWS\SYSTEM32\WINMM.dll
0x00007ff84fe20000 - 0x00007ff84fe8b000 	C:\WINDOWS\System32\WS2_32.dll
0x00007ff84ae70000 - 0x00007ff84ae82000 	C:\WINDOWS\SYSTEM32\kernel.appcore.dll
0x00007ff81ba00000 - 0x00007ff81ba0a000 	c:\Users\joeld\.vscode\extensions\redhat.java-1.11.0-win32-x64\jre\17.0.4.1-win32-x86_64\bin\jimage.dll
0x00007ff84cd20000 - 0x00007ff84cf04000 	C:\WINDOWS\SYSTEM32\DBGHELP.DLL
0x00007ff84ccf0000 - 0x00007ff84cd1c000 	C:\WINDOWS\SYSTEM32\dbgcore.DLL
0x00007ff84dce0000 - 0x00007ff84dd62000 	C:\WINDOWS\System32\bcryptPrimitives.dll
0x00007ff81b540000 - 0x00007ff81b54e000 	c:\Users\joeld\.vscode\extensions\redhat.java-1.11.0-win32-x64\jre\17.0.4.1-win32-x86_64\bin\instrument.dll
0x00007ffffb3d0000 - 0x00007ffffb3f5000 	c:\Users\joeld\.vscode\extensions\redhat.java-1.11.0-win32-x64\jre\17.0.4.1-win32-x86_64\bin\java.dll
0x00007ffffb3b0000 - 0x00007ffffb3c8000 	c:\Users\joeld\.vscode\extensions\redhat.java-1.11.0-win32-x64\jre\17.0.4.1-win32-x86_64\bin\zip.dll
0x00007ff84e680000 - 0x00007ff84edc3000 	C:\WINDOWS\System32\SHELL32.dll
0x00007ff84b070000 - 0x00007ff84b805000 	C:\WINDOWS\SYSTEM32\windows.storage.dll
0x00007ff84f850000 - 0x00007ff84fba4000 	C:\WINDOWS\System32\combase.dll
0x00007ff84c8a0000 - 0x00007ff84c8d0000 	C:\WINDOWS\SYSTEM32\Wldp.dll
0x00007ff84f170000 - 0x00007ff84f21d000 	C:\WINDOWS\System32\SHCORE.dll
0x00007ff84f4f0000 - 0x00007ff84f545000 	C:\WINDOWS\System32\shlwapi.dll
0x00007ff84d530000 - 0x00007ff84d54f000 	C:\WINDOWS\SYSTEM32\profapi.dll
0x00007ffffb390000 - 0x00007ffffb3a9000 	C:\Users\joeld\.vscode\extensions\redhat.java-1.11.0-win32-x64\jre\17.0.4.1-win32-x86_64\bin\net.dll
0x00007ff83da00000 - 0x00007ff83db0a000 	C:\WINDOWS\SYSTEM32\WINHTTP.dll
0x00007ff84c830000 - 0x00007ff84c89a000 	C:\WINDOWS\system32\mswsock.dll
0x00007fffe4f70000 - 0x00007fffe4f85000 	C:\Users\joeld\.vscode\extensions\redhat.java-1.11.0-win32-x64\jre\17.0.4.1-win32-x86_64\bin\nio.dll
0x00007ff81a1f0000 - 0x00007ff81a200000 	c:\Users\joeld\.vscode\extensions\redhat.java-1.11.0-win32-x64\jre\17.0.4.1-win32-x86_64\bin\verify.dll
0x00007fffd1570000 - 0x00007fffd15ae000 	C:\Users\joeld\AppData\Roaming\Code\User\globalStorage\redhat.java\1.11.0\config_win\org.eclipse.equinox.launcher\org.eclipse.equinox.launcher.win32.win32.x86_64_1.2.600.v20220720-1916\eclipse_11700.dll
0x00007ff84ee10000 - 0x00007ff84ef3a000 	C:\WINDOWS\System32\ole32.dll
0x00007ff84d380000 - 0x00007ff84d398000 	C:\WINDOWS\SYSTEM32\CRYPTSP.dll
0x00007ff84c020000 - 0x00007ff84c054000 	C:\WINDOWS\system32\rsaenh.dll
0x00007ff84ded0000 - 0x00007ff84def7000 	C:\WINDOWS\System32\bcrypt.dll
0x00007ff84d4f0000 - 0x00007ff84d51e000 	C:\WINDOWS\SYSTEM32\USERENV.dll
0x00007ff84c6e0000 - 0x00007ff84c6ec000 	C:\WINDOWS\SYSTEM32\CRYPTBASE.dll
0x00007ff84c370000 - 0x00007ff84c3ab000 	C:\WINDOWS\SYSTEM32\IPHLPAPI.DLL
0x00007ff84edd0000 - 0x00007ff84edd8000 	C:\WINDOWS\System32\NSI.dll
0x00007ff8459d0000 - 0x00007ff8459e7000 	C:\WINDOWS\SYSTEM32\dhcpcsvc6.DLL
0x00007ff8459b0000 - 0x00007ff8459cd000 	C:\WINDOWS\SYSTEM32\dhcpcsvc.DLL
0x00007ff84c3b0000 - 0x00007ff84c47a000 	C:\WINDOWS\SYSTEM32\DNSAPI.dll
0x00007fffd1460000 - 0x00007fffd14a4000 	C:\Users\joeld\AppData\Local\Temp\jna-101300536\jna1394453232071507556.dll
0x00007ff8199b0000 - 0x00007ff8199be000 	C:\Users\joeld\.vscode\extensions\redhat.java-1.11.0-win32-x64\jre\17.0.4.1-win32-x86_64\bin\sunmscapi.dll
0x00007ff84dd70000 - 0x00007ff84dec6000 	C:\WINDOWS\System32\CRYPT32.dll
0x00007ff84cbb0000 - 0x00007ff84cbd7000 	C:\WINDOWS\SYSTEM32\ncrypt.dll
0x00007ff84c8d0000 - 0x00007ff84c90b000 	C:\WINDOWS\SYSTEM32\NTASN1.dll

dbghelp: loaded successfully - version: 4.0.5 - missing functions: none
symbol engine: initialized successfully - sym options: 0x614 - pdb path: .;c:\Users\joeld\.vscode\extensions\redhat.java-1.11.0-win32-x64\jre\17.0.4.1-win32-x86_64\bin;C:\WINDOWS\SYSTEM32;C:\WINDOWS\WinSxS\amd64_microsoft.windows.common-controls_6595b64144ccf1df_6.0.19041.1110_none_60b5254171f9507e;c:\Users\joeld\.vscode\extensions\redhat.java-1.11.0-win32-x64\jre\17.0.4.1-win32-x86_64\bin\server;C:\Users\joeld\AppData\Roaming\Code\User\globalStorage\redhat.java\1.11.0\config_win\org.eclipse.equinox.launcher\org.eclipse.equinox.launcher.win32.win32.x86_64_1.2.600.v20220720-1916;C:\Users\joeld\AppData\Local\Temp\jna-101300536

VM Arguments:
jvm_args: --add-modules=ALL-SYSTEM --add-opens=java.base/java.util=ALL-UNNAMED --add-opens=java.base/java.lang=ALL-UNNAMED --add-opens=java.base/sun.nio.fs=ALL-UNNAMED -Declipse.application=org.eclipse.jdt.ls.core.id1 -Dosgi.bundles.defaultStartLevel=4 -Declipse.product=org.eclipse.jdt.ls.core.product -Djava.import.generatesMetadataFilesAtProjectRoot=false -Dfile.encoding=utf8 -DwatchParentProcess=false -XX:+UseParallelGC -XX:GCTimeRatio=4 -XX:AdaptiveSizePolicyWeight=90 -Dsun.zip.disableMemoryMapping=true -Xmx1G -Xms100m -Xlog:disable -javaagent:c:\Users\joeld\.vscode\extensions\redhat.java-1.11.0-win32-x64\lombok\lombok-1.18.24.jar -XX:+HeapDumpOnOutOfMemoryError -XX:HeapDumpPath=c:\Users\joeld\AppData\Roaming\Code\User\workspaceStorage\19aeb66a3f115e7ebb25de48f3ed2412\redhat.java 
java_command: c:\Users\joeld\.vscode\extensions\redhat.java-1.11.0-win32-x64\server\plugins\org.eclipse.equinox.launcher_1.6.400.v20210924-0641.jar -configuration c:\Users\joeld\AppData\Roaming\Code\User\globalStorage\redhat.java\1.11.0\config_win -data c:\Users\joeld\AppData\Roaming\Code\User\workspaceStorage\19aeb66a3f115e7ebb25de48f3ed2412\redhat.java\jdt_ws
java_class_path (initial): c:\Users\joeld\.vscode\extensions\redhat.java-1.11.0-win32-x64\server\plugins\org.eclipse.equinox.launcher_1.6.400.v20210924-0641.jar
Launcher Type: SUN_STANDARD

[Global flags]
    uintx AdaptiveSizePolicyWeight                 = 90                                        {product} {command line}
     intx CICompilerCount                          = 4                                         {product} {ergonomic}
    uintx GCTimeRatio                              = 4                                         {product} {command line}
     bool HeapDumpOnOutOfMemoryError               = true                                   {manageable} {command line}
    ccstr HeapDumpPath                             = c:\Users\joeld\AppData\Roaming\Code\User\workspaceStorage\19aeb66a3f115e7ebb25de48f3ed2412\redhat.java         {manageable} {command line}
   size_t InitialHeapSize                          = 104857600                                 {product} {command line}
   size_t MaxHeapSize                              = 1073741824                                {product} {command line}
   size_t MaxNewSize                               = 357564416                                 {product} {ergonomic}
   size_t MinHeapDeltaBytes                        = 524288                                    {product} {ergonomic}
   size_t MinHeapSize                              = 104857600                                 {product} {command line}
   size_t NewSize                                  = 34603008                                  {product} {ergonomic}
    uintx NonNMethodCodeHeapSize                   = 5839372                                {pd product} {ergonomic}
    uintx NonProfiledCodeHeapSize                  = 122909434                              {pd product} {ergonomic}
   size_t OldSize                                  = 70254592                                  {product} {ergonomic}
    uintx ProfiledCodeHeapSize                     = 122909434                              {pd product} {ergonomic}
    uintx ReservedCodeCacheSize                    = 251658240                              {pd product} {ergonomic}
     bool SegmentedCodeCache                       = true                                      {product} {ergonomic}
   size_t SoftMaxHeapSize                          = 1073741824                             {manageable} {ergonomic}
     bool UseCompressedClassPointers               = true                           {product lp64_product} {ergonomic}
     bool UseCompressedOops                        = true                           {product lp64_product} {ergonomic}
     bool UseLargePagesIndividualAllocation        = false                                  {pd product} {ergonomic}
     bool UseParallelGC                            = true                                      {product} {command line}

Logging:
Log output configuration:
 #0: stdout all=off uptime,level,tags
 #1: stderr all=off uptime,level,tags

Environment Variables:
PATH=C:\Program Files\Eclipse Adoptium\jdk-11.0.16.101-hotspot\bin;C:\WINDOWS\system32;C:\WINDOWS;C:\WINDOWS\System32\Wbem;C:\WINDOWS\System32\WindowsPowerShell\v1.0\;C:\WINDOWS\System32\OpenSSH\;C:\Program Files\NVIDIA Corporation\NVIDIA NvDLISR;C:\Program Files (x86)\NVIDIA Corporation\PhysX\Common;C:\Users\joeld\AppData\Local\Microsoft\WindowsApps;C:\Users\joeld\AppData\Local\Programs\Microsoft VS Code\bin;C:\ProgramData\Razer\SwitchBlade\SDK;C:\Program Files\dotnet\;C:\Program Files\Eclipse Adoptium\jdk-11.0.16.101-hotspot\bin;C:\Program Files\Git\cmd;C:\Gradle\gradle-7.5.1\bin;C:\Users\joeld\AppData\Local\activestate\cache\bin;C:\Users\joeld\AppData\Local\ActiveState\StateTool\release\bin;C:\Users\joeld\AppData\Local\Microsoft\WindowsApps;C:\Users\joeld\AppData\Local\Programs\Microsoft VS Code\bin;C:\Users\joeld\AppData\Local\Programs\MiKTeX\miktex\bin\x64\;C:\Program Files\JetBrains\PyCharm Community Edition 2022.1.2\bin;;C:\Program Files\JetBrains\IntelliJ IDEA Community Edition 2022.1.2\bin;;C:\Program Files\JetBrains\JetBrains Gateway 222.3153.1\bin;
USERNAME=joeld
OS=Windows_NT
PROCESSOR_IDENTIFIER=Intel64 Family 6 Model 158 Stepping 13, GenuineIntel
TMP=C:\Users\joeld\AppData\Local\Temp
TEMP=C:\Users\joeld\AppData\Local\Temp



---------------  S Y S T E M  ---------------

OS:
 Windows 10 , 64 bit Build 19041 (10.0.19041.1889)
OS uptime: 0 days 10:02 hours
Hyper-V role detected

CPU: total 8 (initial active 8) (8 cores per cpu, 1 threads per core) family 6 model 158 stepping 13 microcode 0xea, cx8, cmov, fxsr, mmx, 3dnowpref, sse, sse2, sse3, ssse3, sse4.1, sse4.2, popcnt, lzcnt, tsc, tscinvbit, avx, avx2, aes, erms, clmul, bmi1, bmi2, adx, fma, vzeroupper, clflush, clflushopt, hv

Memory: 4k page, system-wide physical 16298M (9016M free)
TotalPageFile size 23722M (AvailPageFile size 12470M)
current process WorkingSet (physical memory assigned to process): 399M, peak: 407M
current process commit charge ("private bytes"): 447M, peak: 465M

vm_info: OpenJDK 64-Bit Server VM (17.0.4.1+1) for windows-amd64 JRE (17.0.4.1+1), built on Aug 17 2022 07:42:43 by "temurin" with MS VC++ 16.7 (VS2019)

END.
